[debug] [2025-06-18T09:27:12.959Z] ----------------------------------------------------------------------
[debug] [2025-06-18T09:27:12.967Z] Command:       C:\Program Files\nodejs\node.exe C:\Users\User\AppData\Roaming\npm\node_modules\firebase-tools\lib\bin\firebase.js serve
[debug] [2025-06-18T09:27:12.968Z] CLI Version:   14.7.0
[debug] [2025-06-18T09:27:12.969Z] Platform:      win32
[debug] [2025-06-18T09:27:12.969Z] Node Version:  v20.10.0
[debug] [2025-06-18T09:27:12.969Z] Time:          Wed Jun 18 2025 11:27:12 GMT+0200 (Central European Summer Time)
[debug] [2025-06-18T09:27:12.970Z] ----------------------------------------------------------------------
[debug] 
[debug] [2025-06-18T09:27:13.787Z] > command requires scopes: ["email","openid","https://www.googleapis.com/auth/cloudplatformprojects.readonly","https://www.googleapis.com/auth/firebase","https://www.googleapis.com/auth/cloud-platform"]
[debug] [2025-06-18T09:27:13.788Z] > authorizing via signed-in user (helmar81@gmail.com)
[debug] [2025-06-18T09:27:13.789Z] [iam] checking project trading-vibes for permissions ["firebase.projects.get"]
[debug] [2025-06-18T09:27:13.792Z] Checked if tokens are valid: true, expires at: 1750242410581
[debug] [2025-06-18T09:27:13.792Z] Checked if tokens are valid: true, expires at: 1750242410581
[debug] [2025-06-18T09:27:13.796Z] >>> [apiv2][query] POST https://cloudresourcemanager.googleapis.com/v1/projects/trading-vibes:testIamPermissions [none]
[debug] [2025-06-18T09:27:13.798Z] >>> [apiv2][(partial)header] POST https://cloudresourcemanager.googleapis.com/v1/projects/trading-vibes:testIamPermissions x-goog-quota-user=projects/trading-vibes
[debug] [2025-06-18T09:27:13.798Z] >>> [apiv2][body] POST https://cloudresourcemanager.googleapis.com/v1/projects/trading-vibes:testIamPermissions {"permissions":["firebase.projects.get"]}
[debug] [2025-06-18T09:27:14.542Z] <<< [apiv2][status] POST https://cloudresourcemanager.googleapis.com/v1/projects/trading-vibes:testIamPermissions 200
[debug] [2025-06-18T09:27:14.543Z] <<< [apiv2][body] POST https://cloudresourcemanager.googleapis.com/v1/projects/trading-vibes:testIamPermissions {"permissions":["firebase.projects.get"]}
[debug] [2025-06-18T09:27:14.545Z] Checked if tokens are valid: true, expires at: 1750242410581
[debug] [2025-06-18T09:27:14.545Z] Checked if tokens are valid: true, expires at: 1750242410581
[debug] [2025-06-18T09:27:14.546Z] >>> [apiv2][query] GET https://serviceusage.googleapis.com/v1/projects/trading-vibes/services/cloudresourcemanager.googleapis.com [none]
[debug] [2025-06-18T09:27:14.546Z] >>> [apiv2][(partial)header] GET https://serviceusage.googleapis.com/v1/projects/trading-vibes/services/cloudresourcemanager.googleapis.com x-goog-quota-user=projects/trading-vibes
[debug] [2025-06-18T09:27:15.433Z] <<< [apiv2][status] GET https://serviceusage.googleapis.com/v1/projects/trading-vibes/services/cloudresourcemanager.googleapis.com 200
[debug] [2025-06-18T09:27:15.434Z] <<< [apiv2][body] GET https://serviceusage.googleapis.com/v1/projects/trading-vibes/services/cloudresourcemanager.googleapis.com [omitted]
[debug] [2025-06-18T09:27:15.434Z] Checked if tokens are valid: true, expires at: 1750242410581
[debug] [2025-06-18T09:27:15.434Z] Checked if tokens are valid: true, expires at: 1750242410581
[debug] [2025-06-18T09:27:15.435Z] >>> [apiv2][query] GET https://cloudresourcemanager.googleapis.com/v1/projects/trading-vibes [none]
[debug] [2025-06-18T09:27:15.635Z] <<< [apiv2][status] GET https://cloudresourcemanager.googleapis.com/v1/projects/trading-vibes 200
[debug] [2025-06-18T09:27:15.635Z] <<< [apiv2][body] GET https://cloudresourcemanager.googleapis.com/v1/projects/trading-vibes {"projectNumber":"67033792824","projectId":"trading-vibes","lifecycleState":"ACTIVE","name":"trading-vibes","labels":{"firebase":"enabled","firebase-core":"disabled"},"createTime":"2025-06-16T20:31:18.379882Z"}
[info] 
[info] === Serving from 'C:\Users\User\Documents\ProjectStarter\trading-astro'...
[info] 
[debug] [2025-06-18T09:27:15.643Z] Checked if tokens are valid: true, expires at: 1750242410581
[debug] [2025-06-18T09:27:15.643Z] Checked if tokens are valid: true, expires at: 1750242410581
[debug] [2025-06-18T09:27:15.645Z] >>> [apiv2][query] GET https://firebasehosting.googleapis.com/v1beta1/projects/trading-vibes/sites 
[debug] [2025-06-18T09:27:16.923Z] <<< [apiv2][status] GET https://firebasehosting.googleapis.com/v1beta1/projects/trading-vibes/sites 200
[debug] [2025-06-18T09:27:16.923Z] <<< [apiv2][body] GET https://firebasehosting.googleapis.com/v1beta1/projects/trading-vibes/sites {"sites":[{"name":"projects/trading-vibes/sites/trading-vibes","defaultUrl":"https://trading-vibes.web.app","type":"DEFAULT_SITE"}]}
[debug] [2025-06-18T09:27:16.924Z] Checked if tokens are valid: true, expires at: 1750242410581
[debug] [2025-06-18T09:27:16.924Z] Checked if tokens are valid: true, expires at: 1750242410581
[debug] [2025-06-18T09:27:16.924Z] >>> [apiv2][query] GET https://firebase.googleapis.com/v1beta1/projects/trading-vibes/webApps/-/config [none]
[debug] [2025-06-18T09:27:17.738Z] <<< [apiv2][status] GET https://firebase.googleapis.com/v1beta1/projects/trading-vibes/webApps/-/config 200
[debug] [2025-06-18T09:27:17.739Z] <<< [apiv2][body] GET https://firebase.googleapis.com/v1beta1/projects/trading-vibes/webApps/-/config {"projectId":"trading-vibes","appId":"1:67033792824:web:879f3ac1fb06bd7bbe81cd","storageBucket":"trading-vibes.firebasestorage.app","apiKey":"AIzaSyCLY0PH2eZOtY32ejmMI-u32zkHE8fzopg","authDomain":"trading-vibes.firebaseapp.com","messagingSenderId":"67033792824","measurementId":"G-XG15M2Q480"}
[debug] [2025-06-18T09:27:17.751Z] Checked if tokens are valid: true, expires at: 1750242410581
[debug] [2025-06-18T09:27:17.751Z] Checked if tokens are valid: true, expires at: 1750242410581
[debug] [2025-06-18T09:27:17.752Z] >>> [apiv2][query] GET https://firebase.googleapis.com/v1beta1/projects/trading-vibes [none]
[debug] [2025-06-18T09:27:18.038Z] <<< [apiv2][status] GET https://firebase.googleapis.com/v1beta1/projects/trading-vibes 200
[debug] [2025-06-18T09:27:18.038Z] <<< [apiv2][body] GET https://firebase.googleapis.com/v1beta1/projects/trading-vibes {"projectId":"trading-vibes","projectNumber":"67033792824","displayName":"trading-vibes","name":"projects/trading-vibes","resources":{"hostingSite":"trading-vibes"},"state":"ACTIVE","etag":"1_4cba3251-4e1d-41e3-b8b6-1e0d1c2cfb60"}
[info] i  hosting[trading-vibes]: Serving hosting files from: dist {"metadata":{"emulator":{"name":"hosting"},"message":"Serving hosting files from: \u001b[1mdist\u001b[22m"}}
[info] +  hosting[trading-vibes]: Local server: http://localhost:5002 {"metadata":{"emulator":{"name":"hosting"},"message":"Local server: \u001b[4m\u001b[1mhttp://localhost:5002\u001b[22m\u001b[24m"}}
[debug] [2025-06-18T09:33:31.638Z] ----------------------------------------------------------------------
[debug] [2025-06-18T09:33:31.656Z] Command:       C:\Program Files\nodejs\node.exe C:\Users\User\AppData\Roaming\npm\node_modules\firebase-tools\lib\bin\firebase.js use --add
[debug] [2025-06-18T09:33:31.657Z] CLI Version:   14.7.0
[debug] [2025-06-18T09:33:31.658Z] Platform:      win32
[debug] [2025-06-18T09:33:31.658Z] Node Version:  v20.10.0
[debug] [2025-06-18T09:33:31.659Z] Time:          Wed Jun 18 2025 11:33:31 GMT+0200 (Central European Summer Time)
[debug] [2025-06-18T09:33:31.659Z] ----------------------------------------------------------------------
[debug] 
[debug] [2025-06-18T09:33:32.283Z] > command requires scopes: ["email","openid","https://www.googleapis.com/auth/cloudplatformprojects.readonly","https://www.googleapis.com/auth/firebase","https://www.googleapis.com/auth/cloud-platform"]
[debug] [2025-06-18T09:33:32.284Z] > authorizing via signed-in user (helmar81@gmail.com)
[debug] [2025-06-18T09:33:32.288Z] Checked if tokens are valid: true, expires at: 1750242410581
[debug] [2025-06-18T09:33:32.289Z] Checked if tokens are valid: true, expires at: 1750242410581
[debug] [2025-06-18T09:33:32.296Z] >>> [apiv2][query] GET https://firebase.googleapis.com/v1beta1/projects pageSize=1000
[debug] [2025-06-18T09:33:33.005Z] <<< [apiv2][status] GET https://firebase.googleapis.com/v1beta1/projects 200
[debug] [2025-06-18T09:33:33.006Z] <<< [apiv2][body] GET https://firebase.googleapis.com/v1beta1/projects [omitted]
